1000
-1.9102705392256605
3.764987716712804
1.0537752313667879
0.6319619113915421
-1.7584177782884236
-2.5468656323650447
1.9866761556126618
0.1303738063432862
0.3195117747794677
3.99566048363441
1.5606850140951898
-1.3803420479216826
1.067335695811952
-2.581685125485089
-0.07738343925794519
-2.0801508394284056
-2.176439831257688
-0.1474644103702156
0.1242370395983346
0.11271795670302423
-3.620812476644383
-0.06606954749637262
0.0071736780614907875
-0.01845799529475145
0.5792889176022954
-1.9633681361725375
-1.2253516691618782
2.3599121491127883
1.23439760098146
2.966816548237285
-3.294071221085956
-2.902901745250413
3.348362326065154
-1.5217815997665185
0.5170311900545392
-0.8946710481948469
2.063545637275356
0.9832077947553525
0.4675085856093486
-1.800065577398033
-1.2690652532812614
0.4390448201690107
0.6317611805238375
-2.4675313512477803
-2.459529513508604
-0.2196131063181317
0.04285977866060021
-1.412526132692522
1.0784420431684256
-1.4477737736456004
-4.096549969230061
2.8174578766114213
-1.3570901310309622
-2.5194443053225815
1.81397970371118
1.0704332942796426
-3.0230842481310445
1.6112945542671973
-0.7839813067390293
2.4944875064104592
2.111695713237967
-2.8390583792842663
2.79029416497288
-0.018903515242446906
0.05334751884983779
-0.5804871624257377
-0.857172977049988
1.742783385176263
4.2430147518344405
-1.1571027816680906
-1.6817567916020892
-0.5331479390242696
3.3826663293630603
-4.283432715046393
0.3712353513654098
3.9685281406521007
2.2568572269841765
-1.2425401787669368
-2.080200628883431
1.995467746388931
1.8535273857152779
-1.0066332622176895
0.24622139137859103
0.01289589245240183
-1.1251570035458351
-1.905888882278012
-3.65635521651934
1.371376890930511
-0.5071659894566226
-0.16803503424632504
0.43706242499725334
-3.354288986083444
0.8828545093777771
-1.755873524002955
1.7448301110235984
3.2557305482774375
0.571378515324555
-3.555422384306828
-2.0383108133506385
-0.3708561218030064
-2.1393520789463616
1.6995928513825858
-3.9640671857928176
-0.6786876856034988
0.8328840800707887
-2.5533574344982997
2.896439622802008
-2.932307258776757
-0.8200996998867025
-1.8176873850185846
0.7345366461447878
-0.12446577132642106
3.0344781375640286
-1.8175359045306705
-3.3209749037389416
-0.8775654671772666
-0.13490923097787297
-0.3704887712739701
0.3848034685499429
-0.6138696050188216
0.8323501312709952
3.921193567764433
0.4148977930825267
-2.4339057246562543
0.19273592392508057
0.6544706752784903
1.6552479688732356
-1.9175002656435365
-3.9842369427160316
-3.55901688114984
2.523301199656615
0.6072022765750339
0.8506754867222179
-2.8528178703421427
1.1258042551234766
2.2056427899942777
-3.0849174893915783
0.49789701430693434
-0.46180564194452645
-1.0568082697440775
2.0579378419020795
2.669059431211066
-0.32715885569003905
1.0955017033529721
0.14481469507778535
-0.2223320510696317
-3.3676251339820253
4.209229539777969
-2.4467361996600436
-0.8397401604641805
-1.654508163250643
3.7779819620370274
0.20300337733747537
1.5395512751685294
0.9003762391410347
2.1234683011089306
-0.007889202047904283
-1.393878455030109
-1.2062613554880572
-1.2465236340492898
4.898004688254387
-0.7992825009197697
-0.5728513303033798
-0.7246990664677602
2.0998770081242712
1.453884733824809
0.2660766070389732
-2.8282329255949583
2.004174947157021
-0.2300574933909305
2.4456186092381036
0.790382720121594
1.3457574830593901
-0.2287631240049222
-0.0878771142542519
2.305464935199288
-0.5372534315405002
1.054512934945735
0.04350212496490859
3.8934687821218095
-1.3698007193809711
8.736614986479251
-0.08800594571641854
-3.1096631801056316
-1.9078122372360007
2.9497154218913018
2.089428140101249
-4.490781926205455
-1.0247481754646428
0.6464831604473675
4.085637584031327
0.21839858679719584
1.0106688538270157
-3.9501063764135984
-0.9689444503028811
-0.8379236467110436
2.7379335054690084
-2.5925310268392403
-3.2937049603859694
0.15480522339675878
0.11682159054019728
-1.1662428785638914
-2.8473822981699284
-1.1345600456149356
-2.356191874996959
-1.3579697987728023
2.1417927549208278
-0.7760560797470321
-0.6033398806432086
2.9952359144985694
4.307255835994032
-1.227530172560047
-0.4891711170502301
2.9020625495039196
-1.7603265930086884
1.8525141714041524
3.5274989797489686
-0.16723373116044277
-2.2449142546223504
0.33792616195685393
1.2752480427552795
0.6219826261082189
-4.194494663878618
1.7516615229649342
0.05279820710558024
1.2109312086137
1.1724408270079574
-1.3748856810728325
3.6499625582116106
-2.1406919466735004
1.8696233567253522
-2.727628230294433
1.7270864750285126
-1.1265308928276871
-2.2588070445494686
-0.7746380416040595
-4.257367631192801
2.1960135963797276
0.9310176092288293
4.030950016620897
0.7826155358100026
2.9568160626724587
1.5863508791234668
-0.493340735091598
-0.2503547310788469
-1.7908124051110708
0.43593396053181765
-0.4017492365382411
0.5270836355737578
1.6900512199914364
-0.778930396091706
-3.1041057185384555
-2.8762030589935725
-0.9794833592403043
1.8606503366726734
1.5783699281533672
0.3153460124266423
3.180715119467155
0.36959297406285374
0.3049445625734528
0.8632533153496811
0.8507964064004359
2.258521672527452
4.3700679972677
-1.409364544215355
-1.9530675334648142
-2.4225245172019547
-4.812143198375931
2.3196365966924506
0.8297061378901658
2.2284881323320698
-1.0011157622608098
-0.18141459431250131
0.1860519763545252
-0.5597939868827938
-0.22340237992296041
0.692554188933003
0.4812957190280355
1.4611854559090842
0.1943554022904614
3.812758364520688
0.5295468068294314
-2.547964123462393
0.6020828049562117
-4.2846256974163035
1.3934579789721622
-0.21045107826898332
2.5990934077428722
1.585854694661856
0.8575196256832569
2.2583570656524454
0.3389286552456505
-2.510603573708
0.530707640843145
-2.8125461430682934
0.7166655948080478
-0.8669350750206288
-1.9946242500258478
-0.34814345630820953
2.084082600638453
1.460944924516015
-2.792605054504955
2.8726462655349394
-1.0097589757680658
-1.0000113172820793
-0.602151073826962
-0.26272120575290003
1.239988067386225
0.47301523715607374
0.27938147255669976
-0.5696911266743968
-0.4711995665727616
3.5634922984305772
-3.4824505671045567
-0.7004361568148818
3.5426854780535746
-0.7387894033453496
5.064459274155854
-2.565036554579739
1.3271948761335508
-1.6054911576483475
0.8874923926247127
-3.0272248317842703
0.7431524220478486
-2.479758895087148
1.4232894931421096
0.009931585216167216
-2.7764345892771543
0.5830820046255585
2.318958358102573
1.2266340695537972
0.04537258384745359
-0.030897979319175227
1.0031365100103107
0.7687980989759902
0.26695882051061004
0.06113244639339217
-1.9859668397795767
0.802007403517648
-4.481485543293223
-1.0858482149023228
-2.21301583998449
3.2364706167265913
2.877873155850063
-0.15547579335205583
0.5703953478853511
0.3972514660870082
-1.5490193073965322
-0.14234635135187257
-0.049469909260542774
2.467696431794269
2.081142116062547
4.159476647216344
4.255585995461982
-1.2851029460301897
-0.526871010284859
-0.7263197891992237
1.0242216198778962
-1.580230591777839
5.952113994496461
-1.6337391203522114
-0.1099657204416168
0.24964516060628045
5.812228914899658
1.1924618995861356
-1.1376842617156693
1.5275207636284815
-0.16548193528974348
-3.038946559558369
2.4220342208074066
1.6528274829978291
0.06836066458580872
-0.14530007205473056
-0.9981466083271505
-3.740663608588641
-1.176945999309454
-1.9721821679775275
-1.101185221276009
-0.14102813700496453
2.0172109503001385
0.24811923938484426
2.880812893363924
-0.9580676862952836
-0.42959590032008055
0.7840607512404157
0.821431671799263
2.046508907429558
2.285770427185785
-2.137382466140285
0.675292717081964
1.4881798736093252
-2.3436173797935305
0.7413365543129048
-1.6823680987040543
-1.174866971731539
-1.2038389749118927
0.3215474209461705
-3.1829428985218167
-2.7103490346128845
0.03688522526303302
2.6601431440687113
-5.039588696826003
-1.3034579831163615
-0.8511052418894312
-0.9693422273871918
-0.06634146144078111
-0.7314814544476296
1.4217202004078417
-1.5749441597941884
-1.9813938354158391
-0.9872540771272815
-2.906329567522383
-2.4251071492165144
0.3739341999495131
0.013870390683612475
4.186480627626113
-0.3714012348032087
-1.1360650845924296
-2.9669110648515584
0.7580164397359922
-0.4020441075159426
0.9237014723094997
1.7581381338005944
3.89719591120797
-2.601674835847732
-0.600364203728955
0.49464909529257794
3.660939823155541
-1.5543457924328632
0.5117661603241704
3.9551331765668194
-0.8193239350464668
-0.2608997058629514
-3.9437494804542865
-0.8037859547306598
-0.16090191592761238
-0.22647478050610684
0.49688409694957264
1.5384549253850734
-2.6498644626092944
-3.1105050942933574
-0.6967728757227962
0.8943192648755363
-0.5583799289844237
-0.2793570198760965
-3.65136848085459
-0.4601764424106773
-0.1482312377854819
1.2642254407569593
-0.13839288845857178
1.1286160490947237
0.8097410689140888
4.538422573210761
4.2061600495634295
-1.6663010103222025
3.226718343615313
0.8261286188285998
5.655900215123474
3.9076058009828327
-0.5881209571470815
-2.318320483762725
2.6479238858380105
-1.463877238094104
1.103298568706182
-0.21853249374111494
-0.6975561796883751
-2.059999452540679
1.8841704078435864
-3.1432038175200283
7.852049540254586
0.1839594398569096
-0.3467347246205532
2.3596774259155042
-1.3806999131662907
1.0099642127963222
1.2663088284269355
-2.5993943642568076
-1.5669405094217463
2.027566634205569
-4.741585679921694
-1.461643437361108
2.0868746427514164
2.960756790060889
-1.928401747427782
-0.7643217526350816
1.3627695170105854
-1.5945860463437695
-1.6505131482243203
1.9688488881364257
-0.937743674688778
1.73588098966904
-2.525004303559496
-0.0020019753127224205
-0.24703038750747652
0.46072649555011813
-1.1915663380806238
-3.34319107222263
-1.9482414264863528
-0.2173379760434723
-1.932673688135746
2.563512378541109
-0.2064871435187794
0.18688625803049547
-2.0719986390041982
2.468631868463728
-0.5059301624494285
-0.8716748260475133
2.220268921684682
0.06095211723268662
1.3226238503967895
1.2287858379661372
2.213739278654296
2.814096534757496
0.1977176466208802
-1.6039947064531794
4.101910127298611
-2.3909360323220255
0.5564245612779073
-1.4746623072216898
-3.3350482607301903
1.1378916362947302
1.7018421790105558
0.8617722606899352
-2.560931068813845
-6.327750872146515
-1.6333723440226955
-0.4407966911237713
-1.249803324096291
-1.3774618358115749
-3.924877917689577
-0.4971902722813102
1.5001958885901212
-0.4437591259974676
2.5838108598063823
-5.144461310680557
-3.785475479210052
0.5992988822374633
-2.509488199428332
1.0828515357462631
-2.1579018105101313
0.39125113631542596
0.10974689888735323
-2.5108992752224437
1.2789270339851826
-2.413976603473438
-0.42285191338017386
2.3580377451646237
-1.441263306674484
-0.8536005403189044
-1.1091020794500088
1.7949547394681296
-0.8327930520626224
1.6824559503306604
-1.6199716087097098
2.0377312458917394
-0.1841838848794464
-1.1335318564467662
2.203386038572679
1.774720788335175
-0.46519402538833865
0.408869908294129
3.924261218266683
1.5739833075928087
-2.6098954489189463
2.6534211080987538
-3.770739494349486
0.7424570830607607
0.03336102076357237
-2.298993416007767
-0.4198415976485548
-1.370558647132652
-3.1475587431331036
-1.931289745203073
-1.58303873475184
1.6321644026538278
-0.519344864556829
-0.02059671697642803
0.39490380460300417
0.4989105975121881
-0.8022872557020302
2.076545363936676
-0.636839212450779
0.21207987607214723
-0.2891788178144711
-5.1379880819872685
2.5664634003481472
-3.002688799091368
0.14199650909157727
-2.637304727178508
-2.4061426885101596
1.3668231679841978
-1.822363839147991
2.454533084691203
0.2563429104506044
1.9867122882562436
5.237878319565552
-3.1044809332481513
4.9580534804206
2.8097226646472255
1.086796791590719
0.4811082849600048
0.6373518100185048
-0.2700608724990832
-3.015992644614825
0.516629917575298
2.6614365839308864
-3.209125899083738
0.09125480302077046
0.8379769429154854
2.2365197399396863
0.927958641797176
0.8173552435344282
-4.480189267262773
3.3612179681351027
2.084466800042594
3.278278740306879
-2.0075166582037887
0.09401667221184558
-1.586576395506765
-0.013466220799929374
-1.139821806214671
0.020084855375968658
4.539123609038026
-1.7852152198163096
0.15054963769630417
0.03004279201568523
-3.1420909325169317
-1.1320379100576217
2.7359057120609247
0.1634354910836826
1.283396672642465
-0.40776772138034034
0.20426481378246247
-0.7681509063469844
-0.4708948407731566
1.5039834114508055
-2.6814525388657313
2.0202301211987206
-1.7405840899155016
-3.7780737677253406
0.4212085776245229
-0.8392131807117854
-0.2655356497098209
-0.6790545432441555
2.064828629518191
-3.1810042147134507
2.5591349891605266
-2.105178462655851
-1.7058434677725167
-0.8740589910848691
-2.6588339881964695
1.2854806504799055
1.1583409903731612
-2.9340607502010645
-5.9084929364152305
0.10834999185227218
0.7261913339683315
2.833930261861352
1.4666309640979893
2.079404411903766
-1.6824086898317447
1.6337921507360254
-1.4889277473732245
-1.5256598732791689
0.39314258299653604
-0.689004277488814
-3.2978307125548327
2.205245880615368
1.0621355346383228
0.5695264248338308
3.847580589299137
2.259093666811672
-2.449459185100927
-2.224253497907476
-1.271857456594733
0.1948862138616588
-2.2584616093885788
-2.0516565095318353
3.1879459872482134
-0.8691402064961016
1.8031290167128906
2.7567058987909494
0.5381394558076392
-1.6375605808115699
1.1997818734487826
0.8712970902899478
1.9748371740241877
0.9372913243289823
-1.247205709300892
0.9420048574618619
0.14116627415439656
0.7399494302314794
-3.1759623260873693
0.0945068231835271
1.3200895343931127
2.168483508966077
1.297986146126654
0.6678512015862087
-0.9249837782276532
2.198397097689052
1.6897567876951851
1.087705635428425
-0.9407664361057017
0.0959888346962682
-0.559097388509684
0.04578982216629165
-1.2333602549810174
0.8633076882794392
3.8801026857589958
-2.36137030778099
0.6550174024735325
0.7771868607779344
0.5471669637129326
2.496195395903813
-1.4745475010763225
0.17536973450042923
1.7204278993777906
0.459302945790256
-1.053517429573265
1.2977745889288073
-2.5749438612930664
1.057360043919973
1.3001982102683107
1.3654581700566348
-1.7537393207101684
0.7932927271901966
-0.4093462801443595
-0.18892868256627882
0.63704996738051
-5.394854494445047
-0.0055098159983621026
-2.374153280980175
-2.3752311780315454
3.294945591087115
0.4933045096658806
-0.37299913326064416
1.0762258566222296
2.938367459173365
-2.107760748817745
-0.1458328919608523
1.0758773270047544
-1.3579909341223242
-0.692585911467116
-1.9852376040603783
1.5996973684747866
-0.49672601263696264
1.952963046439948
0.8796963515013101
-0.4711374367928598
1.6222285918300892
1.6562590974453317
0.3936045325360151
-3.0384857255666966
3.582189915850989
-0.3196392741038781
-2.444676738008378
-0.28042290869588643
-0.270617289862079
-1.057875318668415
1.7373425775036628
-2.3638843521037947
1.4396133224058536
-2.9534669894172447
1.6820934931777447
1.2351044021659177
-0.7419603150570873
0.49085911561392037
2.368037422297981
2.36355442262302
-1.3635755787275678
-2.903204986817584
-0.352896895888446
0.9787679652053504
-2.8295475284302367
-0.9464927857852622
1.1163655294212658
1.9228635673188257
-3.1537350785703895
-1.3075921455516601
1.3635489069231206
-1.098410461387088
0.6042107789491116
-1.1437542113086867
-1.9855674900202807
-1.032622036836665
-1.314839737139917
-0.6820514859614527
-0.2621170331095555
3.203856914200357
0.5329187764655717
-0.4004157761921531
-2.4959850125775978
-0.38710619835185794
2.025686384002207
-2.501801600267645
-0.6451213597796914
-2.6361883860024573
-1.0727824859380943
0.6616398648888244
-1.198552011872328
0.3455773211795033
2.1434125626870237
-2.922342433921688
1.4807798593417902
0.5973455400577724
1.8215021932429616
-0.640477357237821
2.378495183584157
3.1321462385255066
-0.511091602515484
-0.4938814475417839
-0.11323997928111858
-0.9258099947197613
-2.6100394479928752
-3.1113449461067804
0.9957937884523979
-1.4224437951459854
4.0012052612962785
-2.1051594774368336
-2.438522700967377
-0.9420420651317961
1.3563603758615737
-1.7474160180062226
4.730849134595873
0.7982962737512996
1.526505117843353
1.045009009753002
-0.9616869171610253
-3.291952557439107
-2.334799574040579
1.2086617694827106
4.0228396344052495
-0.5413532309713346
-0.8765120382822397
-1.9046608509946985
2.3844377719839316
-0.931983159864231
2.1820613421275685
-2.8871979820219953
-1.276112265194612
0.5748824716883809
4.799721754909939
-0.7378415793291182
1.8153456775487025
0.0991329602251464
0.7803338048299153
-1.381926324927465
-2.244476980401408
-2.1975648338173657
-0.7051969803679661
-0.9301973854445565
0.03281785899233632
1.230487981001411
-1.2852069884111987
0.6322646522174374
2.3332262117088
1.7229701741708132
-1.1302551759296111
-1.8443786043147246
-2.4015445209242308
1.0886614131066639
-1.5862990043099832
0.6797417334805118
0.9334772011148122
0.027875617059912663
1.3161413491768161
1.5929849041277826
0.23624975512261767
-1.0970923488148792
-2.9117135199121384
-1.2514576902885415
0.8212449965731043
2.8746650604096105
-0.11313999309356637
1.3815746695634452
4.1686566553801265
-1.1742677951029332
-0.261072857099046
-2.4069323131052838
-0.040936136146648885
-0.7685731306608217
-2.301475500608357
-1.3033387085772192
-0.529019821617303
-0.312700435199548
-0.3818512059699371
0.022538483324527306
0.09430697336482177
-2.939859411808309
0.01750317982524492
-0.4998340853183719
-0.3943514094206776
3.173378141536593
0.4756292629372884
-1.5971559099569108
4.620870801635126
-2.0157444240330085
2.294566882622426
-0.9448235594498283
2.864128468801145
3.9579715480686932
-1.1659801296933134
-1.5094024389816725
-2.572062580970376
2.346034696355978
1.430180657644752
-0.37605760270004207
0.368844828680873
0.2975979601721062
-0.804907739800928
0.09768598480382784
-1.4495629005115496
0.7011237558565095
0.03958586430347666
0.4784411675647393
-0.5302551944025475
-0.35983087944478914
5.049394211636848
-3.178299454101388
-0.20868272373659444
-1.1149356959315502
-0.772007746311931
0.27355586172191537
0.32932329499993085
-0.4637048245973797
1.1641410704589905
-0.41845452624799356
2.63704564134645
1.7507039135024314
2.8102003495028773
-0.6686651905770622
4.189123979813454
-0.5061733469469913
-1.4157819321897926
0.42877978578629494
-0.844343308503858
-0.35819590246534994
-0.46425836894313893
0.5668143594770171
-0.901339893237793
-2.961455284804961
-1.1419723268345836
1.7679037238083704
-1.1420400171443805
-3.47304337175192
0.9896611478325555
2.3181323194289734
0.7455729822293133
0.14652600631086599
-0.11551496318205315
-0.40172152858165094
-0.8618687655655519
2.1397304318162953
-0.7198396633405941
1.1256212727511803
-0.7773090649368201
-0.7972708533303127
-1.8578034008460953
-1.39479640204963
-0.8847355014455769
2.605272413383612
3.395690312628945
-2.6522481611636826
0.3131741256088909
1.0892663868820145
1.8639771563427379
-4.381786264964889
-0.5417775512292278
-2.0517717441238954
0.46126679239655416
0.6051466325402703
-2.151045512573783
0.5324819642556273
4.121295971655122
0.6347617976802911
1.5884362421267093
-2.0610550002240027
2.2256287108523134
3.2736481618695943
-0.4384716694395955
2.4003613302590026
-2.3990601912618597
1.10160864878575
0.05629329137047057
-5.186546072757182
2.1497813083442447
2.0903021342815875
-0.5272999045770489
0.6309013920771178
-0.9898225021666219
-3.6527001324965442
-0.6147684053374062
-2.7321448892341476
-1.8189116078124572
0.8261147228435827
-0.5229012499861342
1.951890039844819
-0.37241305088232535
1.9665918602313148
1.4102919115293808

2.361591668886831E-7
