10
0 0 99.2157754407841
0 1 94.4885877598238
0 2 10.296656583674213
0 3 25.955079705450814
0 4 41.97281373887256
0 5 30.654622780161578
0 6 28.706231223646007
0 7 88.69853006282924
0 8 92.56030287423994
0 9 28.08082808857566
1 0 44.85735541829703
1 1 12.086126382559248
1 2 90.45175418556595
1 3 69.12089013177103
1 4 37.23579801804896
1 5 89.78548731967688
1 6 99.2366336380475
1 7 15.88428889458109
1 8 61.42811058010476
1 9 21.664953709585266
2 0 32.253945677788465
2 1 17.49945927799892
2 2 50.23207620314557
2 3 1.8938817978099043
2 4 83.59205787879353
2 5 18.379956189872747
2 6 86.7069330470457
2 7 91.54961864022292
2 8 69.45046848492625
2 9 81.10747128721536
3 0 31.184507908626124
3 1 97.0111068420776
3 2 90.81630979364992
3 3 13.033904740376123
3 4 59.5318797351698
3 5 33.71976069876362
3 6 99.99033338365334
3 7 51.8179327754858
3 8 61.850768411775604
3 9 53.81413886948941
4 0 90.70424839872511
4 1 21.849808416428353
4 2 58.31837644617871
4 3 55.695616566463826
4 4 34.40322234749442
4 5 20.881403854500647
4 6 12.018886884370716
4 7 73.75811583642977
4 8 53.72445235996022
4 9 34.166812297884164
5 0 57.38444853846825
5 1 67.31569825618392
5 2 58.28471725711023
5 3 2.032076646408232
5 4 17.258886865774436
5 5 89.1876211915421
5 6 67.59684634867759
5 7 86.03088981668282
5 8 51.6170394617804
5 9 16.45122025334348
6 0 11.26710596747179
6 1 88.70643936026335
6 2 66.6170463223395
6 3 68.54879911172776
6 4 27.582481226767253
6 5 82.46780263181476
6 6 13.932503790795614
6 7 21.23543438945701
6 8 78.17892100572794
6 9 94.2025871868819
7 0 27.205922229244596
7 1 48.780436131929825
7 2 58.68859967972223
7 3 73.98582153729056
7 4 74.98442733063435
7 5 91.3859690021662
7 6 13.09631290191925
7 7 48.60834892978174
7 8 57.643232829351966
7 9 49.96209547807019
8 0 52.992116308030546
8 1 23.636277669277185
8 2 39.57187061535324
8 3 56.198322952394264
8 4 41.98941119116869
8 5 51.32632117638084
8 6 87.29275815142967
8 7 52.29748913270026
8 8 30.284623678567367
8 9 25.960120939455468
9 0 79.20118911746319
9 1 41.78861924817707
9 2 14.66676093339897
9 3 3.0239707314940856
9 4 63.26035566761723
9 5 40.511155316281666
9 6 55.242054091553236
9 7 64.14858550814418
9 8 65.25455107647039
9 9 65.16375319957717
1.7210004551940217
65.83689637224182
92.09824347683956
45.736606297090134
69.3221331516377
16.746084835006634
32.218238464184346
37.69705848068718
57.17886145433183
25.65339052984392
