50
0 0 65.27931620054403
0 1 26.924963331167774
0 2 49.64405988949302
0 3 64.99081855501868
0 4 36.779380038263554
0 5 49.22222519253876
0 6 12.665569144512967
0 7 60.848637999520214
0 8 78.05861641218631
0 9 36.85103635206922
0 10 23.120736481071614
0 11 19.4859141847926
0 12 22.743612668174183
0 13 48.76591459420313
0 14 83.17587554500552
0 15 27.648233837881985
0 16 76.72674583137221
0 17 7.026961494581963
0 18 25.867949151805945
0 19 64.03434082380213
0 20 77.42199255915871
0 21 57.33536032676554
0 22 35.94471905970179
0 23 82.07001985380786
0 24 79.9346993834089
0 25 55.189599976502755
0 26 49.994640484021026
0 27 99.79230477095597
0 28 92.20642525260493
0 29 70.64649077911378
0 30 38.24988241752247
0 31 48.66588135288489
0 32 64.49680819268781
0 33 1.2529409594096874
0 34 61.55920284867382
0 35 50.048142319555346
0 36 62.4901840580105
0 37 44.92162220903712
0 38 78.76565881362475
0 39 20.538832739710312
0 40 17.865438073452644
0 41 12.355593046034608
0 42 52.0874234586857
0 43 55.59480293005957
0 44 55.34339752336054
0 45 52.08402957382704
0 46 61.088245893015205
0 47 4.559865050226197
0 48 41.02681111958943
0 49 20.253220515141678
1 0 89.43738567070272
1 1 29.654339020683906
1 2 83.27375480104794
1 3 52.02403912992655
1 4 92.89715096507139
1 5 36.488355573311594
1 6 44.396113257522444
1 7 81.75908366553568
1 8 91.83939636024205
1 9 74.3075260777989
1 10 89.15052788469148
1 11 15.13979788916795
1 12 57.080695341587926
1 13 30.449170900446077
1 14 4.289986923834899
1 15 77.93580576044988
1 16 73.93910046479503
1 17 85.38172523970067
1 18 72.37006817926408
1 19 53.35581727713949
1 20 76.15375821755667
1 21 52.21958468397552
1 22 72.55453373373714
1 23 72.74146559423448
1 24 38.67188604745782
1 25 97.75012323159187
1 26 11.340862223782878
1 27 42.82241404372398
1 28 6.295885985258143
1 29 30.779125796574814
1 30 56.926974730775285
1 31 76.83319703218211
1 32 13.796720859092382
1 33 47.995487882374874
1 34 62.36630924438011
1 35 46.499209101285146
1 36 22.337870893028565
1 37 47.57549381865751
1 38 14.709065516754594
1 39 87.23133866605676
1 40 56.91753045711153
1 41 56.39153312290388
1 42 40.00331653287734
1 43 69.82575295130637
1 44 80.02497038782154
1 45 67.95968213324318
1 46 27.330408636864444
1 47 98.54734697365947
1 48 77.82025662371656
1 49 55.15504883263266
2 0 8.974859682462565
2 1 7.682474882802182
2 2 66.88483454508372
2 3 4.243383715213344
2 4 48.379786596010945
2 5 6.478522830519551
2 6 51.953708376855076
2 7 14.921897629943292
2 8 42.714613361347794
2 9 65.84499405592737
2 10 78.02831068988924
2 11 24.831863852892468
2 12 42.68263478454431
2 13 49.27272825419956
2 14 23.882339101321648
2 15 46.40001981698967
2 16 28.621795930716175
2 17 65.13500082997436
2 18 78.21122614046509
2 19 48.885381594407384
2 20 59.00277843444526
2 21 57.86619016796084
2 22 24.539076249371504
2 23 79.15257018102463
2 24 25.104340293358774
2 25 61.47078146691277
2 26 36.485295081252275
2 27 90.96231062914885
2 28 3.946565550144332
2 29 10.397524105852307
2 30 51.10632298216703
2 31 44.464292845315725
2 32 0.4885171429748536
2 33 40.02051931879789
2 34 44.766243791112494
2 35 45.09706747382074
2 36 9.647522170212708
2 37 11.8011186043946
2 38 83.35325149590491
2 39 14.244280968418554
2 40 8.873144607219352
2 41 66.6615179008335
2 42 56.64730842946357
2 43 22.765973086484635
2 44 12.809638807298585
2 45 44.182958813684024
2 46 35.25753348097537
2 47 72.91824909159607
2 48 83.0064962983683
2 49 4.9484543715001
3 0 7.786221212637412
3 1 84.19420271674313
3 2 87.68743751934743
3 3 58.6820814820947
3 4 65.73960436120171
3 5 24.263404583450143
3 6 49.26404399986015
3 7 31.79377827415326
3 8 4.193798205050392
3 9 27.456898706463328
3 10 0.5809217539577527
3 11 4.520733141880584
3 12 97.33761793738263
3 13 60.13910186090842
3 14 94.80515519822228
3 15 10.063413980393342
3 16 89.75227063451182
3 17 24.827612225054818
3 18 78.42354128257527
3 19 15.946360319920617
3 20 16.65118137666275
3 21 43.06635614987755
3 22 41.98686604242143
3 23 1.290849652114634
3 24 29.29148264201532
3 25 20.827179201084235
3 26 9.041318324802639
3 27 2.7686071639793974
3 28 55.38203536759257
3 29 79.6093579963968
3 30 10.112865586366759
3 31 26.71277935817391
3 32 68.55105341691339
3 33 31.426168867092173
3 34 15.661221730986007
3 35 15.194366607281573
3 36 75.79975671641635
3 37 86.51212117095751
3 38 69.59580966142971
3 39 9.829390848341113
3 40 57.35668250717409
3 41 8.85400049363998
3 42 73.24693308818144
3 43 78.66408951903678
3 44 9.460663850668215
3 45 76.54338953060311
3 46 18.61108011814221
3 47 58.69244103355622
3 48 47.33866421812385
3 49 61.46791068787767
4 0 59.24015196736503
4 1 19.392409139584398
4 2 23.008000270441052
4 3 16.00290195386238
4 4 37.32013833131759
4 5 71.12423775218723
4 6 0.5207742431561302
4 7 43.134821384118894
4 8 56.28552233717128
4 9 26.316259170762724
4 10 9.881544375911687
4 11 30.842172950627457
4 12 99.74157157142031
4 13 71.07064975474549
4 14 70.10764882904792
4 15 51.579296117120485
4 16 49.517326616965065
4 17 20.1535748576683
4 18 31.7647795710737
4 19 63.352893277435584
4 20 48.34798188148718
4 21 9.29129701436613
4 22 39.79876224989367
4 23 0.15068015409434032
4 24 85.98609421458302
4 25 25.27571743444913
4 26 58.59772613360374
4 27 6.3760954942789
4 28 61.466819787716254
4 29 86.58998890627154
4 30 32.95715194956268
4 31 52.46255321656228
4 32 88.80320471138272
4 33 65.09674330779414
4 34 80.9835784365673
4 35 66.98518059776303
4 36 68.5632968368069
4 37 82.78860334171864
4 38 27.96099489151539
4 39 34.357625385810564
4 40 43.58163775534144
4 41 26.68264717489136
4 42 93.81726465810904
4 43 36.59594843156421
4 44 93.48350983554771
4 45 99.6474825952869
4 46 41.06618075059434
4 47 62.65119225706767
4 48 99.75100719431367
4 49 65.28370566492406
5 0 74.96405095815024
5 1 69.456767497083
5 2 30.735901099980957
5 3 50.93548154153707
5 4 63.10798623068345
5 5 55.106279191103816
5 6 54.32495625932523
5 7 44.49302462384496
5 8 7.816328864921651
5 9 96.47198588705116
5 10 84.88915704225971
5 11 57.85282376110985
5 12 61.36999241756078
5 13 11.093607864711498
5 14 10.699113169831964
5 15 32.73444717887809
5 16 21.556687733787104
5 17 26.311718219931425
5 18 28.16469100921025
5 19 33.009828961663025
5 20 82.94836509705786
5 21 77.38949932254596
5 22 30.057642992627553
5 23 1.7829279376630147
5 24 47.95543113775381
5 25 10.761151276060277
5 26 56.30185367890901
5 27 61.164718582722074
5 28 20.939615360934905
5 29 38.5648310855658
5 30 17.966600341735138
5 31 98.0205043814585
5 32 18.530618935556742
5 33 76.26244435378672
5 34 47.773934227842076
5 35 9.923535462694687
5 36 29.779970116339438
5 37 96.41820498686195
5 38 13.732167179740696
5 39 82.13098645353966
5 40 50.8987976020036
5 41 48.602416965446835
5 42 56.43315443454333
5 43 28.60537624148558
5 44 1.064488447709444
5 45 27.90640082180591
5 46 75.1018946262264
5 47 57.93649465714791
5 48 98.14452962373204
5 49 22.699088715556716
6 0 92.66271669710491
6 1 18.47602229585197
6 2 36.1740363106531
6 3 36.02529856033748
6 4 75.88710828462581
6 5 36.078962448720986
6 6 60.03684207675624
6 7 54.44023641391497
6 8 73.11407013249507
6 9 82.55310157076894
6 10 77.03823240986628
6 11 33.09434346326483
6 12 59.08456097543026
6 13 3.249739946284924
6 14 79.92072083517373
6 15 76.52706232326183
6 16 44.10750416385114
6 17 88.1859110623704
6 18 81.36253361997441
6 19 20.897715243713535
6 20 13.075493132126304
6 21 92.67042591460644
6 22 76.11178468351264
6 23 65.27613635901207
6 24 8.774194275605318
6 25 0.6130271003283561
6 26 53.647531823166716
6 27 57.135303182745375
6 28 63.48020039401304
6 29 76.52802704902635
6 30 81.62226652714848
6 31 10.33268900437302
6 32 13.017833929527
6 33 70.70081008843684
6 34 68.32862232687047
6 35 22.636617792903312
6 36 98.24625747640822
6 37 26.0676020669528
6 38 91.0463890346128
6 39 64.24842893423607
6 40 70.37396018520414
6 41 85.06596288875926
6 42 46.36416267399137
6 43 28.79078191689667
6 44 68.54849114686911
6 45 10.045494844341674
6 46 38.43332523615782
6 47 73.87697626725604
6 48 30.845124154382585
6 49 11.785229391537976
7 0 71.60022761972922
7 1 29.645689386873453
7 2 33.07885958357622
7 3 27.246293989575086
7 4 54.975809805715734
7 5 20.540047441545617
7 6 23.79000712716336
7 7 99.89537979023824
7 8 58.240124536036454
7 9 28.12950467887435
7 10 38.30434212037633
7 11 93.76663426793634
7 12 80.34255504277186
7 13 20.91752361159275
7 14 29.944614873025344
7 15 15.886617532698743
7 16 5.746744470348442
7 17 90.84757306146379
7 18 52.27097951829766
7 19 30.768970563569663
7 20 26.482591670528766
7 21 65.61450950456363
7 22 62.65368746251835
7 23 25.392503058755
7 24 2.5059138647113066
7 25 10.907916908306936
7 26 94.53217100320789
7 27 23.408437556948915
7 28 17.72966089973208
7 29 97.35853773039916
7 30 63.39042805532963
7 31 53.27953749094644
7 32 64.57886463024526
7 33 83.22841971118432
7 34 29.779377895182613
7 35 46.63595188177586
7 36 56.034774149245095
7 37 55.780000896951634
7 38 41.64269321597516
7 39 80.33954683721507
7 40 20.87191531243755
7 41 81.77880119258141
7 42 17.753324423035586
7 43 78.58063790183529
7 44 85.1550765584975
7 45 40.7289866411368
7 46 14.24376235892202
7 47 59.7879465422715
7 48 81.05153990178981
7 49 53.21057371625388
8 0 37.01386417602998
8 1 47.21473759701811
8 2 52.62712695760512
8 3 71.08159122182587
8 4 24.22580727770939
8 5 61.77106643461332
8 6 47.5329103197914
8 7 66.32801857485447
8 8 25.146594590583238
8 9 81.00410879583964
8 10 93.35274756662135
8 11 40.988875609581754
8 12 44.27420096655826
8 13 79.08561218058148
8 14 57.87005262689833
8 15 81.85338054866122
8 16 2.984379728346087
8 17 59.24745063698011
8 18 83.62551064117541
8 19 0.5215687762279431
8 20 94.86077402305034
8 21 52.31342913633629
8 22 68.87573054963781
8 23 31.93937370373112
8 24 75.42188236991997
8 25 82.80736869281368
8 26 39.4260682350806
8 27 12.663644121393801
8 28 32.134151134843655
8 29 97.57465737512587
8 30 18.799216490085723
8 31 23.88211263195814
8 32 26.40123662332887
8 33 10.936410441814193
8 34 57.81436174978705
8 35 63.60790279628886
8 36 85.64530201603759
8 37 45.10242813450943
8 38 28.89001369594665
8 39 7.487620960946506
8 40 50.64698814854207
8 41 34.9012066196035
8 42 25.246921166552294
8 43 28.306686136559357
8 44 50.986410238890265
8 45 21.842222498404606
8 46 30.675720301864683
8 47 70.54502612077181
8 48 89.72844288291843
8 49 84.10782156838292
9 0 41.64730180707551
9 1 18.230830847912305
9 2 67.4211995419078
9 3 36.27900158042815
9 4 30.28210413560064
9 5 51.859567608624815
9 6 65.0275044302112
9 7 85.43145332991979
9 8 34.057852872249114
9 9 63.29000927292776
9 10 35.58485160738844
9 11 48.69525361031505
9 12 46.12356633371726
9 13 86.29854189451356
9 14 25.190186446545347
9 15 21.45360522828096
9 16 58.70087976087669
9 17 4.867569127802729
9 18 55.33161093101558
9 19 35.063081345988536
9 20 81.29206191534978
9 21 21.30332536512193
9 22 50.63986155955511
9 23 58.30985553138246
9 24 15.277374301443636
9 25 1.9230008813441835
9 26 88.80823834373139
9 27 77.77342231394387
9 28 16.97265908399357
9 29 69.32055747080692
9 30 82.73042346833881
9 31 38.85133874190839
9 32 22.331418857214747
9 33 77.11515387047719
9 34 78.8314006128457
9 35 41.40558266998884
9 36 38.213810621293085
9 37 85.60567539172273
9 38 70.11746920896039
9 39 61.82308969358408
9 40 27.50837510781009
9 41 54.8993330498759
9 42 77.64716289801866
9 43 16.740158556552455
9 44 28.380506476776436
9 45 85.85186227148644
9 46 49.9256000020585
9 47 92.76233494609232
9 48 51.535014876539634
9 49 68.55139523480929
10 0 66.1506558428527
10 1 41.218501161688856
10 2 93.61839805385527
10 3 43.09756531664449
10 4 6.2900199379242405
10 5 77.31989830083715
10 6 89.74968219996417
10 7 38.0719789699835
10 8 68.64411015476406
10 9 29.05182543301993
10 10 3.65704615969914
10 11 28.365709140289752
10 12 73.85049738799577
10 13 52.70782355729528
10 14 20.01064326390486
10 15 45.92397272736958
10 16 93.2113073570697
10 17 69.1831342979628
10 18 60.280394295174474
10 19 84.48772116001132
10 20 78.77587361353726
10 21 77.97633737373411
10 22 90.8107260683561
10 23 62.55637419224993
10 24 52.78664627148258
10 25 74.30500097401527
10 26 29.792606586470892
10 27 47.56548772300434
10 28 34.897194636321395
10 29 28.823287389533125
10 30 88.4263893091886
10 31 98.66764161518198
10 32 46.996883600705594
10 33 89.13644157014838
10 34 0.8073996017527119
10 35 55.52439427636682
10 36 37.527608373773504
10 37 27.639173257481165
10 38 6.9293379853165415
10 39 86.16168179347386
10 40 9.853731032981926
10 41 91.1618974662787
10 42 53.68897680707809
10 43 8.21053323768185
10 44 22.54717239379588
10 45 4.490902017995957
10 46 69.88881255322896
10 47 14.749573424696061
10 48 53.3753843746276
10 49 42.035523164025136
11 0 52.972697140098035
11 1 68.48523511908667
11 2 83.33066437284053
11 3 9.747384718580465
11 4 77.59267733319751
11 5 76.1501934926242
11 6 62.2151544664167
11 7 72.8538937180965
11 8 99.09361998339003
11 9 18.77004902823609
11 10 63.096535397042594
11 11 24.05010943575271
11 12 78.61543424400284
11 13 92.84281339063986
11 14 19.375286565716177
11 15 11.500214937747089
11 16 0.7510110772810941
11 17 12.495270729891184
11 18 65.25513767805953
11 19 36.3317994071249
11 20 89.56127639462117
11 21 33.32485553978468
11 22 68.08410889297623
11 23 85.2632152876982
11 24 54.23699561244033
11 25 84.90517344880527
11 26 49.33434223651268
11 27 85.586308567204
11 28 11.810339647209233
11 29 40.82787050097234
11 30 39.91466184452457
11 31 56.93381981429798
11 32 41.05740355401877
11 33 12.673040342695963
11 34 5.06067290926967
11 35 87.09284605825405
11 36 19.096213780707473
11 37 27.4449186330305
11 38 4.2228673589417065
11 39 77.58271275568585
11 40 80.17301802453235
11 41 36.77915457103344
11 42 22.174087879683512
11 43 88.79768275485075
11 44 14.742924268521696
11 45 10.622433432413281
11 46 18.98343836773977
11 47 64.22196292248165
11 48 96.18928148302074
11 49 88.10482875209826
12 0 98.55451348034332
12 1 28.556448509803424
12 2 82.38941575222252
12 3 93.96971558852731
12 4 88.1015989934929
12 5 35.553776039456565
12 6 89.8226310396008
12 7 80.19565432095499
12 8 54.23829499506504
12 9 87.9401485731595
12 10 79.02974598954883
12 11 19.33919375009858
12 12 55.27876699736747
12 13 64.00956229080903
12 14 21.97155415079196
12 15 58.64703544445958
12 16 43.90264164252879
12 17 63.308028008534066
12 18 44.19706531708002
12 19 42.13054664728495
12 20 89.51031309762615
12 21 27.282384004560466
12 22 47.720517408281225
12 23 21.56518428065628
12 24 85.39623270346573
12 25 99.85041330353724
12 26 24.119513664883087
12 27 6.7718292704838206
12 28 42.29352854448617
12 29 67.5559456416624
12 30 61.604884253420764
12 31 50.55666980583033
12 32 46.89407463978771
12 33 59.304638391858965
12 34 34.67617349343435
12 35 24.330723827572164
12 36 81.62391929819623
12 37 91.63325584538087
12 38 40.46492441123585
12 39 16.699656018379116
12 40 60.254762011459725
12 41 17.04719098930584
12 42 11.98119802413501
12 43 79.20906488605091
12 44 32.857955960538185
12 45 70.16805591626593
12 46 95.21708824570688
12 47 50.949965701193314
12 48 53.158258116540466
12 49 9.265222969194875
13 0 24.424231527036476
13 1 16.873705032592433
13 2 81.52041047260492
13 3 19.20215862437564
13 4 67.87061679260646
13 5 93.43506755374969
13 6 17.602305691881405
13 7 75.91050629016037
13 8 44.995264133894565
13 9 89.57691143465635
13 10 18.134387122376904
13 11 72.21182674179124
13 12 35.1176524760167
13 13 61.08913554159427
13 14 57.33561563740655
13 15 70.13900427881072
13 16 7.722019313716966
13 17 62.01937379277579
13 18 30.152188560703628
13 19 75.86630465971193
13 20 4.824959262768802
13 21 98.08230137121716
13 22 81.80594186628896
13 23 29.939147975930325
13 24 97.04803510537461
13 25 3.908979050450345
13 26 71.06514150554766
13 27 67.70164066880513
13 28 16.755373302504527
13 29 98.49721839061746
13 30 39.201188008772114
13 31 32.651982133256595
13 32 43.97952308833823
13 33 21.36844154588645
13 34 61.770493775833245
13 35 18.91290209122961
13 36 83.84712037474971
13 37 15.706063038966022
13 38 6.161626504803697
13 39 78.08624598261162
13 40 27.829174381749322
13 41 4.1449566385085905
13 42 4.273520000744313
13 43 50.46794542992315
13 44 35.37911895552555
13 45 97.90109587095444
13 46 76.74142424200416
13 47 70.9315809315665
13 48 7.384986967132057
13 49 90.57496723954004
14 0 12.80296627226518
14 1 55.745819136656294
14 2 48.35039553913268
14 3 14.231929885922112
14 4 18.197530687221576
14 5 98.1729534042178
14 6 30.332297781058514
14 7 77.2571896728929
14 8 92.41793010861556
14 9 87.90297234031485
14 10 78.40173028257594
14 11 61.002593169621036
14 12 86.1840951010466
14 13 22.20940078969338
14 14 94.75708418731905
14 15 25.38700990234961
14 16 20.18434399433421
14 17 95.17036576336396
14 18 26.607672274251904
14 19 62.38153879411612
14 20 16.930524662893998
14 21 35.380281849224524
14 22 61.55871007927139
14 23 40.70539133586969
14 24 8.999140238211368
14 25 12.284599308369904
14 26 3.4670328086119584
14 27 5.077729961874288
14 28 38.9813135881793
14 29 46.6020985662084
14 30 41.600214749532974
14 31 29.01539853748105
14 32 59.1402676499985
14 33 41.256226303280194
14 34 76.41999969371372
14 35 71.43588702937298
14 36 72.07575730037135
14 37 95.81904173283326
14 38 6.424265388451866
14 39 54.219484763112135
14 40 27.62065044308245
14 41 79.67831896844817
14 42 12.219977248083147
14 43 60.40408623609993
14 44 5.745694405436385
14 45 16.97039952832251
14 46 96.3629287179914
14 47 50.83064094530195
14 48 70.4242248463237
14 49 79.77847670078653
15 0 50.48829575885794
15 1 10.826761756546166
15 2 75.20938233581556
15 3 95.17791209197021
15 4 24.869346114618686
15 5 67.91056372889884
15 6 37.702196731368254
15 7 46.41733801274545
15 8 69.77990325327362
15 9 66.51629866589012
15 10 77.13964419604535
15 11 88.8562374230563
15 12 2.899472943238879
15 13 46.38793496727865
15 14 27.007607309858706
15 15 7.236769095048523
15 16 32.48817515982398
15 17 47.556298984354896
15 18 92.88440683326573
15 19 12.449637687846394
15 20 32.17198210198443
15 21 56.709974006483456
15 22 24.64637777400244
15 23 13.160820388262307
15 24 19.916943535286492
15 25 17.28967486332419
15 26 11.717759469087008
15 27 0.4980028369902745
15 28 41.13446791298511
15 29 48.78033356012782
15 30 90.2229087590515
15 31 52.45261146614596
15 32 93.84790900109253
15 33 59.444665234301894
15 34 71.69965366111816
15 35 98.73535414113678
15 36 62.46408090630887
15 37 91.13653403008641
15 38 64.45840624621017
15 39 86.53022593010185
15 40 45.93152439924604
15 41 4.851938179439519
15 42 60.722367225105145
15 43 52.92393486232453
15 44 75.93070057493466
15 45 1.320000370287333
15 46 5.3600269208601725
15 47 40.74478481331229
15 48 21.229497665051213
15 49 72.20585820838127
16 0 45.3218625717367
16 1 91.12702992390774
16 2 65.45078931393434
16 3 94.39186431112859
16 4 82.81897958689068
16 5 8.323791369754252
16 6 27.237020063188154
16 7 12.32309485625377
16 8 19.832171774820928
16 9 20.123624031751277
16 10 64.16004877782801
16 11 1.5476295694545228
16 12 86.71571066975207
16 13 50.68288370918046
16 14 64.71287249980364
16 15 70.3516435919119
16 16 93.46090678739363
16 17 81.66803787427965
16 18 86.33298238121282
16 19 35.78385317585505
16 20 28.610288802336548
16 21 2.3091336018005615
16 22 41.645506371400884
16 23 5.3834302358610975
16 24 57.864048729145345
16 25 39.29765110905606
16 26 69.97753062517091
16 27 6.569951720095391
16 28 42.09612174171119
16 29 13.418983955325192
16 30 56.6832375070927
16 31 31.923601914464307
16 32 2.7981332881796828
16 33 91.39185399865066
16 34 78.93286285798935
16 35 10.47824615836177
16 36 11.89513774714186
16 37 88.59398191455806
16 38 63.35667127168537
16 39 72.66962285073156
16 40 72.42794071194808
16 41 31.18534161888016
16 42 38.29847501636202
16 43 49.72539794155666
16 44 86.7725221991242
16 45 4.597423182998783
16 46 51.421507071912465
16 47 37.0533204866098
16 48 79.86784244810251
16 49 99.4388783460751
17 0 2.0227089931029174
17 1 55.578346383038365
17 2 56.34919299886623
17 3 15.575020558216012
17 4 6.6498097859056475
17 5 64.99899055131647
17 6 22.534901734240442
17 7 0.47065474209555536
17 8 76.47882306097354
17 9 18.577862027077753
17 10 96.89008243113886
17 11 78.84273090690519
17 12 35.39790008351169
17 13 0.35069390464683714
17 14 65.89187647199307
17 15 77.25137720973842
17 16 48.856731233827475
17 17 52.532866914620136
17 18 16.146372522093987
17 19 59.46487517807414
17 20 65.2789817049235
17 21 83.42186047532164
17 22 88.15824031088268
17 23 66.26618795034122
17 24 94.19854621008172
17 25 44.23861341082507
17 26 52.32983129617877
17 27 96.82565513289026
17 28 58.26863456843435
17 29 77.1203487695241
17 30 3.567338239903761
17 31 77.84656081163199
17 32 59.90605197535631
17 33 65.87188515695945
17 34 7.297332143694746
17 35 41.397211075387574
17 36 97.5712731483316
17 37 66.10205317289302
17 38 6.747817199169603
17 39 72.67530855559123
17 40 51.54819973109858
17 41 52.01630659570999
17 42 19.02371338888511
17 43 94.90733394832193
17 44 34.57575636320988
17 45 93.40620677606312
17 46 5.807442794172402
17 47 30.16777486374368
17 48 68.79681953620077
17 49 68.27092537754851
18 0 3.4410952878273338
18 1 12.109961922269585
18 2 7.228185085784766
18 3 24.025509944979838
18 4 36.697438899708516
18 5 29.4324188802776
18 6 65.31858842930532
18 7 23.395142921345368
18 8 20.722772057937654
18 9 47.361584528012244
18 10 66.15010108163519
18 11 49.86416754602935
18 12 76.4354724118878
18 13 88.5138231421001
18 14 31.45144965398061
18 15 1.9431790435481933
18 16 46.08980883435152
18 17 54.20668073501345
18 18 69.83014956498764
18 19 75.5370343376101
18 20 97.76539832859483
18 21 32.62133791163237
18 22 23.49357069311918
18 23 19.341137733482427
18 24 50.21847382097344
18 25 71.1753147710875
18 26 35.21736627984836
18 27 49.46290598964481
18 28 32.83189412234352
18 29 87.04641585825354
18 30 88.43297587515463
18 31 26.35983689229111
18 32 19.3266154148928
18 33 51.996018321239944
18 34 55.04418184197695
18 35 29.705158967950062
18 36 38.4481291332733
18 37 15.471809126003455
18 38 57.94597925641016
18 39 14.936520522076568
18 40 70.01713766875886
18 41 23.427073215025974
18 42 18.20731691599423
18 43 99.01280580222637
18 44 80.53455696803535
18 45 49.375735632575356
18 46 10.492539386071908
18 47 2.2985543429423716
18 48 38.956656302663475
18 49 78.90933143604461
19 0 94.5346319058541
19 1 68.51513544697312
19 2 80.30698780818759
19 3 79.23413075785446
19 4 25.33666687350631
19 5 95.34226579280771
19 6 52.46750427634366
19 7 41.243697738785755
19 8 70.26611590884275
19 9 34.52302090031093
19 10 89.7920502205309
19 11 3.2241396958071156
19 12 77.3199996588923
19 13 62.22003162286671
19 14 6.111190739936712
19 15 52.49639606022877
19 16 45.57708829708966
19 17 77.89006155484121
19 18 89.24816286516032
19 19 54.131924159667236
19 20 46.216683612409994
19 21 63.088733065371535
19 22 9.341423514513014
19 23 74.33512638495816
19 24 30.471780540418646
19 25 20.386649151048175
19 26 24.070166671856864
19 27 50.16797671218573
19 28 39.49767112778248
19 29 16.972731705501786
19 30 75.30485927032198
19 31 6.999277209620569
19 32 0.3753872807424452
19 33 77.54011363150236
19 34 23.75570286286497
19 35 40.39300523501864
19 36 52.332573100238264
19 37 6.694448036038114
19 38 60.86766398682838
19 39 60.10729057973395
19 40 97.75275203665501
19 41 72.39404149166083
19 42 70.51150303890051
19 43 40.45753983082649
19 44 13.657180679981195
19 45 48.82571743328611
19 46 86.94604562730007
19 47 33.50429492578294
19 48 91.08175792197345
19 49 99.6399221804654
20 0 10.077678941608603
20 1 79.35840290325694
20 2 92.13479144617749
20 3 80.61300031756208
20 4 94.21885427801146
20 5 91.35317047189496
20 6 27.50961185368371
20 7 54.574226322404776
20 8 22.348174384025576
20 9 2.9151283982156384
20 10 60.83945117714009
20 11 40.82961006081588
20 12 14.300391568256165
20 13 37.67212891641818
20 14 40.52008890775155
20 15 66.33405864825501
20 16 94.36546323697436
20 17 4.669489578049124
20 18 44.48925852770713
20 19 46.508062971850585
20 20 61.451549208149025
20 21 26.52195651147671
20 22 98.93990518168539
20 23 99.86448121052553
20 24 63.267661178354004
20 25 79.91124738907675
20 26 98.05781920257878
20 27 92.50567741386928
20 28 74.90740877465637
20 29 65.04604768936584
20 30 8.612316369692907
20 31 16.070668397276357
20 32 21.766135838310387
20 33 23.53323930601817
20 34 90.59203046422172
20 35 25.856552461840742
20 36 66.89941438719589
20 37 92.56633440443713
20 38 3.0660888026343813
20 39 4.607993045624559
20 40 3.7317793219588724
20 41 17.41893785008871
20 42 93.06426244753827
20 43 71.86304644889192
20 44 56.45024667795461
20 45 43.938261435135885
20 46 84.50794388390489
20 47 28.76318803226985
20 48 92.46802252723941
20 49 78.06561431052867
21 0 94.08710296380586
21 1 13.879891024625302
21 2 94.01954024564712
21 3 30.36790908955085
21 4 1.4666249086223715
21 5 46.879677426950884
21 6 19.248773866026315
21 7 60.14621078930661
21 8 92.31876877392915
21 9 53.74404095800141
21 10 7.078546920830064
21 11 95.89440089315131
21 12 74.41668794231214
21 13 99.78024021261399
21 14 44.69934317962163
21 15 36.71306727463346
21 16 39.387320956246086
21 17 4.803416914368386
21 18 21.691881816088944
21 19 32.74073420991645
21 20 5.710170961870742
21 21 78.64010438349587
21 22 40.59853867216099
21 23 1.7466195290147923
21 24 32.161807465497525
21 25 94.49764069422075
21 26 40.18446566508391
21 27 63.73611400606167
21 28 35.144231759129305
21 29 12.7636098379862
21 30 14.680002868467124
21 31 65.75218395009742
21 32 78.19843996082166
21 33 78.44390153681782
21 34 79.97182054033833
21 35 25.0129835869212
21 36 27.492914025205483
21 37 41.71755650392319
21 38 46.010964244008925
21 39 40.1079697769537
21 40 83.18995705664697
21 41 92.98107160269538
21 42 3.6317870052151147
21 43 7.1818004786949
21 44 3.33113137090596
21 45 61.27437089778142
21 46 23.526493630301427
21 47 30.867435545117907
21 48 34.24628926998374
21 49 98.12520104256245
22 0 95.29585480769347
22 1 38.186746070212344
22 2 49.479029446427056
22 3 57.618206810347125
22 4 5.297402555327013
22 5 87.71912047726296
22 6 77.83462938921373
22 7 87.88951449190691
22 8 63.43817442633293
22 9 16.045458164615532
22 10 70.39482411125366
22 11 69.26712300609506
22 12 41.10992403131964
22 13 78.80706398754182
22 14 16.207076437000566
22 15 69.9220312031634
22 16 75.14041400888904
22 17 24.675926627339038
22 18 66.84425421082048
22 19 41.16442755182985
22 20 25.935264520718427
22 21 87.11494920188841
22 22 71.14393087538832
22 23 41.413941830638066
22 24 51.91055509099991
22 25 91.01366586720525
22 26 53.17477000763573
22 27 60.39236369930258
22 28 76.86718770919988
22 29 49.11709186794041
22 30 88.84080401030407
22 31 13.231863334985238
22 32 82.13379089034963
22 33 66.62229912160697
22 34 49.522592098140905
22 35 87.96121576149478
22 36 51.10573893316297
22 37 81.39940832170538
22 38 84.76764830079674
22 39 59.227086395979555
22 40 30.233609387857076
22 41 42.00068243869809
22 42 10.28072684527781
22 43 26.126982340132233
22 44 47.56523289261505
22 45 65.9534578076
22 46 52.327826081686105
22 47 92.6749598971783
22 48 47.62121530554126
22 49 26.789666819719884
23 0 75.15614095832015
23 1 85.69075271359125
23 2 59.684638083748865
23 3 89.84673230706095
23 4 84.14536587326359
23 5 96.79751867557857
23 6 15.511406720224475
23 7 54.08167484315734
23 8 54.1441268607024
23 9 42.732876373289486
23 10 72.01847685686852
23 11 59.97226905579013
23 12 79.80851261084803
23 13 61.32250580538698
23 14 74.68303136545995
23 15 92.03614925565972
23 16 82.74805477188075
23 17 99.23508908487192
23 18 18.18636931854788
23 19 38.58075219930961
23 20 38.89769340068968
23 21 2.0318665517419454
23 22 22.26214804660015
23 23 71.00407145810391
23 24 8.772606473893774
23 25 87.04369365792294
23 26 42.75933774850545
23 27 70.29819292299256
23 28 63.12604909345138
23 29 65.25290028123496
23 30 80.60601896645055
23 31 59.364603646443825
23 32 97.01861292790989
23 33 79.6269386839474
23 34 34.661021356762824
23 35 96.33234482049059
23 36 16.42062422449545
23 37 44.24514672001328
23 38 68.36605317101836
23 39 46.27704284997023
23 40 63.207643610551465
23 41 1.079700131874084
23 42 24.661886014073954
23 43 76.57095799282693
23 44 16.772364867147527
23 45 59.43614739776834
23 46 28.807832128207757
23 47 14.551160743191637
23 48 73.46443322743764
23 49 46.828617256463275
24 0 64.54459442741197
24 1 65.27500405515993
24 2 58.68303110426898
24 3 79.45922795879193
24 4 95.46634584460948
24 5 11.839095867276638
24 6 70.68532124088391
24 7 55.49078100334924
24 8 30.518635549603633
24 9 11.069995660053733
24 10 90.03717291925074
24 11 84.94638033858583
24 12 0.21455488701727088
24 13 53.35188927360425
24 14 14.120787634026543
24 15 96.33910624953167
24 16 18.462343677169603
24 17 76.93853494943518
24 18 92.22726354577368
24 19 2.0294210345870423
24 20 53.82339851818037
24 21 14.303808618678415
24 22 43.50022533058082
24 23 61.82754343251743
24 24 23.570445513537376
24 25 0.9171929373897658
24 26 37.36014727308665
24 27 57.50251117501695
24 28 54.09140082126921
24 29 95.28758823079843
24 30 4.027076650926887
24 31 79.62921098803697
24 32 21.985239574653413
24 33 43.2008758426593
24 34 21.372895001089397
24 35 32.59918704726839
24 36 1.621965965299632
24 37 68.78368174896751
24 38 93.57245559728062
24 39 83.64057956262047
24 40 96.9895514295676
24 41 90.35777813782039
24 42 96.88622379691331
24 43 17.337011376754884
24 44 28.326515231050454
24 45 40.006700302972774
24 46 18.395385583817493
24 47 8.404884043331585
24 48 77.33957287830656
24 49 12.358050766857787
25 0 54.62357896269382
25 1 92.38297837141684
25 2 68.73157110582288
25 3 80.29211122843537
25 4 68.71776769898437
25 5 96.40781464973182
25 6 80.3157263244353
25 7 93.11933123676953
25 8 27.22401772989189
25 9 90.39280144926028
25 10 29.167923930241546
25 11 16.22635612966071
25 12 50.48220986092511
25 13 32.69865940508293
25 14 77.06966766002967
25 15 80.27223050730548
25 16 14.277026617471078
25 17 13.777193567323199
25 18 34.920005031896764
25 19 82.72349979193237
25 20 34.62084461924212
25 21 46.29001405191148
25 22 22.845557744588508
25 23 24.848918169069467
25 24 52.407372081210546
25 25 10.848283225548405
25 26 60.41358767292482
25 27 73.25153373835113
25 28 10.163265218961548
25 29 42.78918628040132
25 30 19.653731441827105
25 31 6.597934361699465
25 32 79.2381321376797
25 33 37.299273828783356
25 34 72.51994645184847
25 35 45.411473500010736
25 36 52.511684583124506
25 37 57.71439617863522
25 38 3.974866728732529
25 39 65.62834086509179
25 40 65.06003168695472
25 41 54.97048426497967
25 42 42.05459723183247
25 43 65.0723488076958
25 44 43.21145800574272
25 45 44.94893330076388
25 46 77.07282083878377
25 47 86.08635099125436
25 48 11.035194199873743
25 49 44.85490296972898
26 0 3.5487281191086573
26 1 97.26524440034498
26 2 2.5451136996184287
26 3 39.78637598741381
26 4 20.49421881738165
26 5 2.567538043768336
26 6 37.76344366978211
26 7 36.29633894596902
26 8 68.37148454191875
26 9 77.03947650236186
26 10 21.277953759670474
26 11 61.019983415522546
26 12 64.33293686447549
26 13 24.967786559358807
26 14 13.039285140783342
26 15 79.33335639823528
26 16 21.28119138658121
26 17 18.484081291468
26 18 2.8834374865498225
26 19 41.529430831963666
26 20 0.8376053305088171
26 21 2.4760734325670275
26 22 92.62767610576374
26 23 12.142074215117947
26 24 55.483661084927085
26 25 45.11768178272915
26 26 52.576386534386764
26 27 1.8179604501891267
26 28 60.94025064387109
26 29 72.41222898192191
26 30 72.88673124230951
26 31 0.5309595898285946
26 32 26.275705627440015
26 33 49.84991466585548
26 34 74.48220222076918
26 35 5.953104308148227
26 36 96.28420774150024
26 37 64.6127866652865
26 38 79.06546607426158
26 39 51.440755872123425
26 40 28.351979789661776
26 41 17.717491717045498
26 42 63.27018438168409
26 43 64.36409701525234
26 44 34.32943494681023
26 45 57.068057346674465
26 46 38.10472724243338
26 47 27.40266574584862
26 48 26.8532817418369
26 49 69.59806465648751
27 0 1.5790817598192008
27 1 72.94910711949663
27 2 99.11331592793049
27 3 3.5135450178508165
27 4 9.769399326017625
27 5 13.907911198903133
27 6 97.23442715348702
27 7 10.104983719007555
27 8 99.56302216854318
27 9 2.9454012972174204
27 10 15.245148480714787
27 11 78.67884658253443
27 12 74.9400649554719
27 13 16.641783184245938
27 14 54.029834138759384
27 15 87.8660942220616
27 16 37.8859025010715
27 17 81.01557531200282
27 18 37.712353360500536
27 19 11.897126529484526
27 20 4.892195492421559
27 21 90.535328515775
27 22 73.59493291906595
27 23 1.3896979064060178
27 24 0.4924114140525959
27 25 24.002975630990463
27 26 75.07662004341132
27 27 4.778329218856115
27 28 60.39100654906077
27 29 27.587796583460012
27 30 40.90154425438016
27 31 8.720785335682923
27 32 8.483778911184125
27 33 17.809431488966286
27 34 98.6380353071706
27 35 53.6492278037456
27 36 94.43014130426698
27 37 55.41294053243353
27 38 75.46531295255926
27 39 24.090683266589863
27 40 91.42638914824933
27 41 54.84843693471766
27 42 55.14537500437443
27 43 22.463453884859717
27 44 57.44225106885828
27 45 23.462342429080728
27 46 16.48337254555633
27 47 9.763237431973648
27 48 57.4213827226798
27 49 69.52687657302302
28 0 25.63065334696536
28 1 36.88460468505487
28 2 28.809639782499442
28 3 78.8788533335419
28 4 72.26032669683153
28 5 96.28065155171768
28 6 48.26336018211864
28 7 36.20847551492409
28 8 97.94607505712615
28 9 95.24559195824783
28 10 23.50306648160194
28 11 58.93328874440344
28 12 64.00068096051719
28 13 89.31210524893704
28 14 91.01633611189015
28 15 19.112015840656948
28 16 45.58148693850972
28 17 17.08732122380603
28 18 47.67687167566582
28 19 51.99749790214011
28 20 19.045870806349473
28 21 46.308284352337616
28 22 82.33504286986323
28 23 88.59754106608148
28 24 30.340494339591817
28 25 74.97985138481533
28 26 2.0485015548409424
28 27 4.0069451819095825
28 28 93.63397855272765
28 29 31.16494402707929
28 30 66.85972364285944
28 31 43.293590171927164
28 32 71.4533263970756
28 33 80.32914194778502
28 34 56.89060267167804
28 35 72.36590343581095
28 36 30.260290337320196
28 37 80.09863001936085
28 38 96.01254891082215
28 39 2.5186417085015345
28 40 48.70460733549595
28 41 18.87252672631703
28 42 47.46377070560205
28 43 54.24840720096304
28 44 79.71680737426261
28 45 36.937685162589275
28 46 78.52374160365918
28 47 58.449856473837
28 48 32.154133357172086
28 49 56.56603540240216
29 0 63.71811030685873
29 1 41.248091710545765
29 2 42.88882164917277
29 3 41.031655254479915
29 4 59.015593465749085
29 5 2.492274691006524
29 6 56.02880718324985
29 7 61.56667277060613
29 8 33.09171719561525
29 9 77.33000974480659
29 10 12.386729160615284
29 11 75.98224305963426
29 12 85.97245269761738
29 13 65.30157033868676
29 14 79.3638245645757
29 15 13.012810566420828
29 16 20.23421343593379
29 17 22.03760962864546
29 18 19.0911439205833
29 19 12.398907410606219
29 20 55.424818451114845
29 21 34.91348950343504
29 22 0.9712625879696568
29 23 92.30579201828874
29 24 92.48343737454385
29 25 45.90792394447087
29 26 13.68947315664194
29 27 2.882246476248873
29 28 41.67568855777157
29 29 42.43311489583582
29 30 21.314182723091
29 31 77.59587496731176
29 32 24.923466102790414
29 33 10.048173873624599
29 34 38.282081748352844
29 35 12.438301658429939
29 36 51.39724912800134
29 37 29.73705881206705
29 38 68.86437533866359
29 39 87.17566510315851
29 40 43.85201605232882
29 41 6.826855871402538
29 42 68.13616089208284
29 43 92.52687871759821
29 44 62.42606357670061
29 45 38.6417333885647
29 46 33.52187576959036
29 47 42.48411822152327
29 48 32.48544205125305
29 49 63.632449278802326
30 0 28.665413380596526
30 1 31.947039724624858
30 2 33.58487131960044
30 3 85.99079223569704
30 4 74.67437642854966
30 5 46.424292108915346
30 6 47.729373745705814
30 7 36.65289576758573
30 8 17.71370550926474
30 9 42.76286914492435
30 10 96.85911271772264
30 11 14.114901983881978
30 12 96.47463449622238
30 13 97.69792025460934
30 14 21.843165755231496
30 15 46.628939302896455
30 16 88.22080321069532
30 17 64.47265051594333
30 18 68.25633447272372
30 19 31.116956454510248
30 20 7.914055563097189
30 21 86.85996936908356
30 22 47.826269757320006
30 23 33.5344737947312
30 24 71.34829698107606
30 25 94.62458459117049
30 26 38.6765600129814
30 27 80.4358286591729
30 28 10.27051326892543
30 29 44.796286436389764
30 30 72.35465495051247
30 31 32.13702065011715
30 32 45.14387268811378
30 33 79.08215039402722
30 34 31.121788758962097
30 35 4.1418456101876
30 36 79.50859201829586
30 37 39.3274741829817
30 38 45.09539924762008
30 39 95.3914498696812
30 40 78.82203356891749
30 41 20.142264641707662
30 42 35.57271551324679
30 43 89.41705804912219
30 44 36.21031058322619
30 45 40.6421044157359
30 46 98.22759031441389
30 47 17.620088507147646
30 48 7.7393895295159165
30 49 85.70933576692177
31 0 57.86083013846304
31 1 12.673452078349312
31 2 20.61453378780972
31 3 1.2624014061694444
31 4 54.997634218421155
31 5 34.432320449695
31 6 19.14267642382835
31 7 27.728365762435793
31 8 43.86398206297836
31 9 20.762226211336365
31 10 15.343101028549277
31 11 21.245530850620696
31 12 91.13712346917268
31 13 1.3368280432311974
31 14 53.76757597523735
31 15 43.0801998016539
31 16 65.3535809534736
31 17 13.72727114094986
31 18 83.39189149140383
31 19 94.32359901624913
31 20 97.97138233110469
31 21 77.9995623841824
31 22 53.36651913514972
31 23 35.1420537633359
31 24 78.82150542826416
31 25 18.555927312704778
31 26 13.964883876444622
31 27 55.68549834767828
31 28 21.04679425180185
31 29 70.10062036900293
31 30 9.24354726698473
31 31 59.21646953258437
31 32 93.61489785601074
31 33 68.38023732345007
31 34 93.7293552402818
31 35 77.1037391618672
31 36 73.10507324521018
31 37 5.743090736085577
31 38 91.87439085317615
31 39 60.03178722800302
31 40 10.706935740138611
31 41 26.58170192225394
31 42 46.07037138953217
31 43 80.10934931679553
31 44 45.23257438675225
31 45 48.367059857266746
31 46 66.68987960170418
31 47 34.51727752163723
31 48 18.43170185425249
31 49 20.25277675054723
32 0 5.922639674741048
32 1 62.91802245974115
32 2 65.01277024224419
32 3 73.12184323889615
32 4 26.100789260505476
32 5 78.05606119955931
32 6 56.51131887973069
32 7 72.4681551061339
32 8 22.75790120494485
32 9 61.81059450556149
32 10 75.51004873724979
32 11 58.64960890274933
32 12 92.84229638574803
32 13 97.41893752302595
32 14 84.70342228201096
32 15 47.8189911666822
32 16 9.305954938971206
32 17 92.6709924429121
32 18 33.91290191930077
32 19 71.23349809483007
32 20 74.71611582493858
32 21 98.58224630289615
32 22 17.39712302064903
32 23 50.66320506979477
32 24 78.58745565593426
32 25 43.3847939784006
32 26 53.664705078043916
32 27 43.263370004263734
32 28 75.80848098497846
32 29 82.63287705159841
32 30 10.48558970901663
32 31 40.54495648498857
32 32 36.83660135782186
32 33 12.8014862372552
32 34 38.9101251283637
32 35 72.97230797782504
32 36 94.2620707033998
32 37 7.963580672715942
32 38 11.84336382075889
32 39 54.236448191250005
32 40 24.891831990064816
32 41 16.96357618660872
32 42 85.08536442706375
32 43 97.39698634515335
32 44 61.68001820598216
32 45 1.9616665050981696
32 46 11.736529363239445
32 47 48.85516045159933
32 48 25.632685580365177
32 49 8.305696879331958
33 0 44.480307985419884
33 1 15.515061417231024
33 2 4.240135026245817
33 3 30.39426029813509
33 4 54.49388265258936
33 5 5.5096531114138925
33 6 80.04091356510618
33 7 78.52676160167947
33 8 80.60072436883385
33 9 63.512665656609926
33 10 30.597450352292842
33 11 57.69318581853493
33 12 97.76719604344039
33 13 57.927054838395584
33 14 79.4639753265889
33 15 40.83838378342911
33 16 60.158644125254824
33 17 69.13517230725245
33 18 76.65321283259541
33 19 56.3426702521577
33 20 30.708735404061503
33 21 35.515374195758106
33 22 26.659085981049568
33 23 12.29261847906905
33 24 56.51903250598498
33 25 37.07432661880738
33 26 62.268475422770145
33 27 48.57291449456144
33 28 87.39412444492127
33 29 35.313739300532234
33 30 83.19585771949089
33 31 41.89218143889444
33 32 63.43088553594304
33 33 42.34488487615455
33 34 40.000375287209
33 35 88.56273966968453
33 36 16.81870898587261
33 37 62.28370597397115
33 38 45.79576164040293
33 39 55.18626192827038
33 40 42.87088333333704
33 41 33.60387748560662
33 42 40.939255414637785
33 43 18.354351715379057
33 44 95.79551501504028
33 45 2.3947597624055628
33 46 19.18643771042018
33 47 11.055056256659157
33 48 55.827702168672175
33 49 73.36562168238244
34 0 47.72473325595013
34 1 55.6834197289992
34 2 96.08296033013039
34 3 17.957134599195278
34 4 78.04904626437784
34 5 91.38614935053889
34 6 49.85514374996105
34 7 67.06561724707596
34 8 49.81885335763307
34 9 96.92754790972073
34 10 42.07042479111308
34 11 79.65505187944314
34 12 35.636760951445225
34 13 69.34586760652171
34 14 2.2221690679588346
34 15 57.92643663963162
34 16 61.11444196511949
34 17 43.3762809114413
34 18 20.3497905462239
34 19 74.73354816665974
34 20 61.64251383735532
34 21 26.94871769281143
34 22 42.48800050369728
34 23 89.57875113418913
34 24 4.9567983342091555
34 25 84.02577683217555
34 26 27.501114629705402
34 27 55.79198263705798
34 28 16.894154409226825
34 29 17.628066572805277
34 30 3.3303772969657697
34 31 63.39060361825055
34 32 96.6568295490225
34 33 93.10124667560186
34 34 67.4205266667832
34 35 19.637345542007555
34 36 97.45511158631427
34 37 94.51114240125096
34 38 73.45513031318764
34 39 42.45805250319694
34 40 78.5737792308486
34 41 25.5103220778228
34 42 34.51848651714978
34 43 30.650535535309164
34 44 5.708700366614949
34 45 50.10152870309906
34 46 51.415163442514114
34 47 79.2103294471043
34 48 87.84564576048027
34 49 18.430440449241214
35 0 44.11654302122403
35 1 28.118677226928412
35 2 91.00420170074517
35 3 38.07222776017157
35 4 24.167000863061304
35 5 68.58262416101509
35 6 61.845447103920215
35 7 32.23339367839494
35 8 96.37067429122166
35 9 81.98662818339737
35 10 27.44282518551816
35 11 72.87247977188981
35 12 19.192980796590533
35 13 53.70959504118953
35 14 11.441430099225824
35 15 88.95016754561307
35 16 85.0494036104264
35 17 86.48081900715596
35 18 21.381707755552327
35 19 27.851401049195633
35 20 4.017290006285945
35 21 36.092804580169776
35 22 17.13936415804045
35 23 91.47916807444673
35 24 87.49473934520091
35 25 6.058521325802557
35 26 66.23402741796124
35 27 77.60158980994773
35 28 31.943874216388025
35 29 67.19510900878173
35 30 28.185029905566306
35 31 31.74101337774332
35 32 97.0941292078369
35 33 13.13566720695839
35 34 87.14340979537043
35 35 55.22585894741713
35 36 57.844438819904575
35 37 23.415201866965575
35 38 69.70506133897827
35 39 20.98295071847257
35 40 84.59150782216362
35 41 82.04639157069533
35 42 43.11071322783483
35 43 20.230149717789814
35 44 72.82459517072563
35 45 91.39539981514653
35 46 87.96421104984012
35 47 0.436078087231051
35 48 99.56558695182116
35 49 28.687351824832085
36 0 79.15133816140515
36 1 57.74582222614549
36 2 31.596321377821933
36 3 15.615817484914684
36 4 88.8172276379033
36 5 15.528468014494678
36 6 48.40351428177551
36 7 10.300007470919226
36 8 46.06117265094951
36 9 54.78440273385263
36 10 71.38483685627911
36 11 85.2280248961317
36 12 49.43341560690765
36 13 61.85732300065601
36 14 10.098006154556094
36 15 24.84397574603706
36 16 30.369314489571806
36 17 24.227921827029842
36 18 46.19803943627956
36 19 62.08134839533659
36 20 8.372028871803094
36 21 36.12328486883156
36 22 76.19609579801227
36 23 74.41453354445983
36 24 62.05567210647853
36 25 72.25798977918092
36 26 25.28659608914542
36 27 76.89491236785862
36 28 64.08663447817908
36 29 50.23004455981156
36 30 26.227624052752795
36 31 82.1574912078449
36 32 92.61160337208715
36 33 29.926703659576592
36 34 29.62285320789021
36 35 45.528568522406175
36 36 36.936535823501934
36 37 91.7523396564084
36 38 74.94158060845263
36 39 77.13445850911052
36 40 61.02167284554375
36 41 94.57252283473542
36 42 5.22665526621815
36 43 82.30581968629461
36 44 74.78341358763049
36 45 38.97549137198257
36 46 52.67844436387432
36 47 86.59169638116411
36 48 90.24469926943027
36 49 51.78426031369916
37 0 57.166220657083464
37 1 12.341864793514413
37 2 7.251296759009962
37 3 63.70961075871219
37 4 5.206625704382217
37 5 0.08565592697342694
37 6 81.77217906223538
37 7 73.61627219521671
37 8 93.0621911018968
37 9 9.829917452344073
37 10 78.72797651547309
37 11 80.08157595149417
37 12 24.351142175461305
37 13 94.91833642232334
37 14 0.8422330264533429
37 15 13.75799937305442
37 16 49.92297735445912
37 17 14.238873365703098
37 18 15.186020794589838
37 19 22.507913928334
37 20 45.74266834397971
37 21 37.335564592808645
37 22 69.88720449119434
37 23 45.36099516655315
37 24 3.1395213160004154
37 25 1.3755065580976278
37 26 4.901473255230404
37 27 61.051734051653774
37 28 75.01506375855908
37 29 98.94136487436708
37 30 12.793003208048482
37 31 12.226519271901704
37 32 81.46762932290011
37 33 11.264267447179977
37 34 98.1483967004572
37 35 87.3668029129496
37 36 28.7795101150364
37 37 52.78149090140577
37 38 17.54837015774442
37 39 89.05688460036947
37 40 36.8259497848088
37 41 59.79785451813592
37 42 55.947364779977946
37 43 29.43190551005419
37 44 1.7033861252977456
37 45 38.54929910769663
37 46 9.86213001919689
37 47 71.47362175274861
37 48 42.73777750189649
37 49 86.11164679502409
38 0 2.9460270245468823
38 1 78.27862176751276
38 2 96.02201194052579
38 3 11.367039899500398
38 4 55.326617634354946
38 5 41.50563354014538
38 6 20.244760074120983
38 7 12.6351532210622
38 8 64.50990690990066
38 9 34.91562841159921
38 10 74.81136704022525
38 11 13.59572418929449
38 12 32.70534149515469
38 13 79.250440808216
38 14 15.12066861467407
38 15 19.7735683771585
38 16 93.10148871221624
38 17 10.652664896235564
38 18 25.349929084287414
38 19 34.12667576729371
38 20 45.923063880466074
38 21 16.411636095632065
38 22 75.21332829706682
38 23 62.172609277134704
38 24 14.025796811103175
38 25 39.02727711663203
38 26 43.89774583509681
38 27 44.607902712222824
38 28 67.33638078590481
38 29 52.41570673357374
38 30 1.7428627523728313
38 31 78.51969510179069
38 32 45.62052990763993
38 33 82.53746941127167
38 34 78.22086604025719
38 35 27.058396083355664
38 36 29.86296264794779
38 37 78.8113059190749
38 38 73.38435008126515
38 39 71.83465727624402
38 40 73.96891134515712
38 41 42.38340317597341
38 42 89.18926000939146
38 43 32.32351666242829
38 44 10.547536770048826
38 45 82.65413113384396
38 46 66.96303630172676
38 47 62.203063359378554
38 48 87.21337536974829
38 49 4.421228632231633
39 0 17.776353540418597
39 1 33.82454147959574
39 2 73.14280001934101
39 3 24.58052196899737
39 4 23.590209212476964
39 5 38.9052937210612
39 6 99.5481886783917
39 7 79.53222309129487
39 8 68.78828581219454
39 9 66.05554802837543
39 10 62.28330321354566
39 11 12.272909160181566
39 12 34.067898609561254
39 13 63.89449396403807
39 14 19.969172540205715
39 15 21.610327471588377
39 16 47.651051406764935
39 17 62.28072354996578
39 18 66.83052035359025
39 19 15.020208267068414
39 20 42.39045889748893
39 21 3.576538340879243
39 22 45.858621113430885
39 23 31.371216412982083
39 24 11.583602060388088
39 25 30.885255685199553
39 26 94.96715678754175
39 27 90.07635462175139
39 28 91.171245480908
39 29 90.8451070063153
39 30 86.4835462259324
39 31 79.1860198225405
39 32 21.48508097256293
39 33 34.83288665911412
39 34 28.618865502932778
39 35 16.520014120440873
39 36 57.82243129244675
39 37 44.3250250213221
39 38 46.4853911804739
39 39 5.142848331591788
39 40 5.864282408555588
39 41 63.68330741296554
39 42 49.78147108162852
39 43 57.318667228043665
39 44 55.31613386451809
39 45 96.77697563505177
39 46 24.439296913898456
39 47 79.53920250079153
39 48 73.13947738716304
39 49 12.622477573959113
40 0 56.331844437279365
40 1 95.30015217903134
40 2 96.35497604169643
40 3 9.616709683934122
40 4 6.561114480473973
40 5 32.00843389923723
40 6 33.63671830577501
40 7 7.959015640026712
40 8 9.900540535494873
40 9 13.734805884595913
40 10 44.78017102025076
40 11 75.50189418142706
40 12 60.64020621034529
40 13 82.48334758006442
40 14 17.614765529646547
40 15 43.53976389637505
40 16 83.38432955079641
40 17 17.231332487922668
40 18 3.045315161146289
40 19 35.93970629152092
40 20 60.27622578806029
40 21 32.200104392825246
40 22 0.6447480523845806
40 23 17.53770000828334
40 24 0.6767463264713447
40 25 13.649504549966219
40 26 9.583942755253783
40 27 65.86829415279144
40 28 94.49797697158252
40 29 97.94552532106755
40 30 72.67267368741275
40 31 84.06525286821683
40 32 86.19477741551536
40 33 2.732843943895036
40 34 44.89903736294959
40 35 2.16525768476421
40 36 42.842467436009954
40 37 97.75091977757045
40 38 12.092940385494732
40 39 59.066201347257085
40 40 66.779829195237
40 41 42.16439861646107
40 42 70.2025635926002
40 43 18.0362462564694
40 44 20.972301420837947
40 45 21.235582513963635
40 46 51.160949981977396
40 47 44.93925748734111
40 48 93.55107025667907
40 49 86.7487377075442
41 0 47.43319829389535
41 1 70.23681070273004
41 2 26.90952393969541
41 3 42.803081822244785
41 4 44.07296777319536
41 5 63.34647329623312
41 6 76.28930720765025
41 7 21.42329236199856
41 8 14.480342166858684
41 9 71.08062668463063
41 10 42.964043095057356
41 11 60.8934278055675
41 12 74.04132699052397
41 13 10.659568956430455
41 14 47.929492305928065
41 15 33.80216397999284
41 16 14.442564685467952
41 17 62.18723358523164
41 18 73.43476784377843
41 19 71.49430374551713
41 20 60.6931387078578
41 21 75.49734470672765
41 22 1.7400004547424963
41 23 96.95553692572615
41 24 2.7485909038620138
41 25 91.92238582040919
41 26 23.161558698686314
41 27 9.114444127840537
41 28 54.120595075130694
41 29 82.80726750211733
41 30 68.76681197506278
41 31 58.12780477472447
41 32 80.9689688879633
41 33 23.48415703059519
41 34 47.00614286818296
41 35 13.42228051402815
41 36 26.911027158712553
41 37 53.944382044765064
41 38 28.12069025802272
41 39 54.097543394309234
41 40 31.146534536131977
41 41 25.587942462070934
41 42 25.34012335658892
41 43 4.753030462855734
41 44 0.4848075164730625
41 45 97.2006514478401
41 46 67.68551678903901
41 47 98.882454093546
41 48 49.473795395344865
41 49 22.70342922307398
42 0 45.61815827631464
42 1 76.68728139888452
42 2 67.06924761247669
42 3 68.2378763798807
42 4 37.82590021410621
42 5 14.492407902090576
42 6 3.145368862966802
42 7 6.796719211448354
42 8 95.1145076948776
42 9 38.90426772882722
42 10 93.63661223659561
42 11 64.87728975583768
42 12 65.672149669191
42 13 0.4337060186019759
42 14 59.21359265531745
42 15 37.530703456362225
42 16 94.9010130919783
42 17 68.51289831818484
42 18 19.13434664476665
42 19 45.69897209718453
42 20 22.560805784189732
42 21 62.6676837628493
42 22 59.27543026711396
42 23 82.87678549903018
42 24 30.144661301112052
42 25 53.063714002610354
42 26 81.33569893488179
42 27 86.90421070426956
42 28 62.208777114062144
42 29 47.72678871840114
42 30 38.81880643932804
42 31 77.09115313780225
42 32 56.80285836063258
42 33 33.44487471471349
42 34 34.63880580688987
42 35 16.89390678510545
42 36 72.19926572285075
42 37 52.691253694501874
42 38 15.056490144131441
42 39 98.00862985238948
42 40 89.79452268043516
42 41 79.86530449175672
42 42 45.1423921846027
42 43 93.01619615208097
42 44 6.35758555255328
42 45 6.729494448965745
42 46 92.07564445824882
42 47 90.60731044799468
42 48 2.7251564767877268
42 49 59.128108101059695
43 0 74.32620723702149
43 1 9.936369004338596
43 2 90.59498205169325
43 3 44.905344605054275
43 4 57.131185420308505
43 5 88.79706215300817
43 6 94.24396241316829
43 7 76.39740915524605
43 8 87.66433610080597
43 9 54.08222535003871
43 10 19.79860959467886
43 11 19.955264409690155
43 12 66.91105657752276
43 13 12.385021950289133
43 14 1.1111994173661155
43 15 99.66172717944004
43 16 49.499476314089264
43 17 43.61800895572456
43 18 88.34577293162073
43 19 22.738657372657446
43 20 47.60155759199761
43 21 41.17123768585967
43 22 63.05384535776286
43 23 0.09698762319240162
43 24 90.50634136006086
43 25 18.400018379047566
43 26 21.820558652318176
43 27 7.064380025134698
43 28 57.580844787875286
43 29 93.12753977660695
43 30 69.48772404120623
43 31 66.53234113882999
43 32 59.07229150639179
43 33 69.36704318747377
43 34 2.5109904712331543
43 35 39.59663173633321
43 36 86.56873083373789
43 37 58.61280968727169
43 38 43.18421562439858
43 39 77.22187792336933
43 40 92.923329752008
43 41 21.8187246642889
43 42 6.264809730245147
43 43 20.54328225943879
43 44 90.06090516676595
43 45 67.57773423349269
43 46 40.95966394278733
43 47 37.12537991807633
43 48 72.3235846739701
43 49 12.035003260625988
44 0 93.282048453619
44 1 45.829824690687325
44 2 82.87571054871896
44 3 91.71219772508262
44 4 76.46561847533128
44 5 13.90122124972838
44 6 41.17641128044285
44 7 21.689727507917222
44 8 20.422477725527642
44 9 6.4620197084111926
44 10 40.64158320412865
44 11 8.488425593220416
44 12 95.15802817441997
44 13 30.814570883531612
44 14 7.355202605248056
44 15 59.511603785829045
44 16 67.60607860799375
44 17 45.7804180308287
44 18 83.05330161652662
44 19 79.05299202765885
44 20 56.52352711449405
44 21 99.7639877551821
44 22 58.592097539223
44 23 4.645568365605013
44 24 95.8846548774375
44 25 20.309821744007206
44 26 37.725155158387494
44 27 16.920852206289872
44 28 3.64090162149614
44 29 2.629552666269186
44 30 55.25265304696158
44 31 51.16773355672704
44 32 79.76271617124297
44 33 34.90686026290124
44 34 8.46916198439004
44 35 49.42447513532164
44 36 25.155915344544656
44 37 54.14565775788981
44 38 86.32462528596743
44 39 18.207012473619443
44 40 81.34574560712359
44 41 47.90878851555402
44 42 96.82645257908362
44 43 98.87125481874524
44 44 39.747569265973034
44 45 4.50158816091748
44 46 99.94900749800843
44 47 15.12657499536446
44 48 58.8940005832671
44 49 66.9866168031963
45 0 50.67997148536262
45 1 35.362272050054465
45 2 58.16394703409517
45 3 64.87299652122724
45 4 44.821405859766685
45 5 76.21822378893447
45 6 27.359937725240812
45 7 81.4057223946404
45 8 38.776580077223024
45 9 78.22558678007108
45 10 2.9057725337290563
45 11 64.08742809511969
45 12 83.7919197890252
45 13 4.362849674432012
45 14 13.487418883275614
45 15 1.3970575231099125
45 16 74.98673003953972
45 17 48.017125158200315
45 18 90.63578165006567
45 19 69.6269814670268
45 20 65.99161608912355
45 21 88.11006935894599
45 22 73.05079883166471
45 23 0.34206733605776085
45 24 41.129788183164194
45 25 96.0423538669557
45 26 7.392073138876354
45 27 31.171284191425684
45 28 68.81375970263373
45 29 81.6301817207155
45 30 62.81204933872163
45 31 80.4744659937258
45 32 82.19318151302303
45 33 63.35179616132351
45 34 31.68351597172949
45 35 29.883836373546835
45 36 46.0778882218145
45 37 61.99155386584798
45 38 84.77399567211684
45 39 7.801977761476553
45 40 72.77345137315586
45 41 46.16357552728344
45 42 85.54537136368735
45 43 41.644930548067485
45 44 43.70488473115629
45 45 3.2165917657348886
45 46 45.30785522576684
45 47 86.9511696849658
45 48 78.56736248957324
45 49 69.66608085913253
46 0 18.63324932046323
46 1 47.43419416485345
46 2 69.2311517757945
46 3 31.569373169798844
46 4 96.73313719675957
46 5 71.63852069114827
46 6 61.74118479213718
46 7 97.15387126964612
46 8 55.433513954084255
46 9 49.06593547379264
46 10 26.490031345348562
46 11 51.528120698515245
46 12 53.92808480285113
46 13 31.470808255643313
46 14 4.006273719777376
46 15 26.449971802192895
46 16 60.66827305025936
46 17 73.48039052678924
46 18 51.788580372487004
46 19 56.89559504651653
46 20 3.54874504605015
46 21 20.77799696752973
46 22 46.22907359576857
46 23 50.56766996319948
46 24 2.973060921091064
46 25 73.79400962065232
46 26 12.907832479672676
46 27 66.50056757427059
46 28 48.4348080247473
46 29 20.181703426574682
46 30 68.40367499278815
46 31 84.56492336588832
46 32 21.925379083595253
46 33 60.31188313412249
46 34 57.25467260972391
46 35 48.943466374244515
46 36 54.78034773856408
46 37 46.602382315887944
46 38 58.81503949860891
46 39 85.54455024350312
46 40 28.502153878777424
46 41 19.705484570847087
46 42 20.493451548355534
46 43 25.83935583510354
46 44 94.64757137064976
46 45 52.408375885290425
46 46 46.221019076855285
46 47 17.753255753475173
46 48 94.04430462899379
46 49 5.5587808426575736
47 0 31.98545430834814
47 1 68.0113400645658
47 2 1.401708246542377
47 3 59.409903888104665
47 4 93.88131547117509
47 5 39.73270233858951
47 6 7.806510505610353
47 7 8.485915172108117
47 8 78.36436204949692
47 9 24.087536038359612
47 10 80.64517898193539
47 11 98.40118165519766
47 12 79.26147928010658
47 13 15.475674831430341
47 14 8.17029296370796
47 15 39.023517864035206
47 16 11.575816288581963
47 17 45.95473440305238
47 18 44.229149941433874
47 19 49.95373217311309
47 20 8.240072544309063
47 21 76.5405150405519
47 22 17.59856673589759
47 23 81.5008123271362
47 24 12.709227308685412
47 25 0.5218885847911081
47 26 59.920602344770934
47 27 7.164065694019972
47 28 37.64714886267544
47 29 87.07692642354395
47 30 36.40977549693608
47 31 2.0906393956102387
47 32 47.94995116831653
47 33 82.24651660411114
47 34 34.303048709716265
47 35 6.058808390534242
47 36 4.962141351382088
47 37 88.71628558747742
47 38 75.4497137822002
47 39 19.24448761064703
47 40 77.97992581066427
47 41 65.87718530611734
47 42 71.48901330216074
47 43 94.3604468776176
47 44 88.9993132074526
47 45 27.279569417537765
47 46 32.73919523013495
47 47 69.71471882197412
47 48 7.154951023141032
47 49 63.86519493380707
48 0 75.22241151778316
48 1 34.31677980036495
48 2 50.408875346993796
48 3 88.25605618101535
48 4 44.17567841748855
48 5 28.367037281171083
48 6 83.78668561120176
48 7 77.89854360181391
48 8 86.94893667014408
48 9 60.29722617354943
48 10 25.821893842184195
48 11 93.00587438973177
48 12 63.3669455373991
48 13 64.9863982924838
48 14 87.8575040682929
48 15 59.01136782943781
48 16 77.43260177560025
48 17 36.8590883772589
48 18 74.4671400559469
48 19 32.639580864870965
48 20 50.67502789058985
48 21 46.2794351402276
48 22 67.49635390619851
48 23 15.721923044021157
48 24 34.49653810436173
48 25 87.98692620001533
48 26 1.0879756510069782
48 27 41.527845512584726
48 28 76.54842203073179
48 29 16.27654745939038
48 30 10.543713459328863
48 31 34.65226668592418
48 32 14.466188402330616
48 33 93.2081450491175
48 34 3.987420156858723
48 35 37.39440562788958
48 36 69.22078829905666
48 37 13.33677372694979
48 38 62.53379207227684
48 39 3.0827473142359785
48 40 49.8930271004239
48 41 71.28793758326297
48 42 22.029502957097545
48 43 79.94537543086355
48 44 61.85421805758826
48 45 6.9585679437158765
48 46 27.422076209477673
48 47 47.894439247674704
48 48 31.136907418058247
48 49 97.20667369155117
49 0 79.42505706639686
49 1 24.988084828530653
49 2 19.20520398660447
49 3 62.59960839961969
49 4 12.386385002981214
49 5 30.35264327614895
49 6 4.385189284182944
49 7 23.122917562000655
49 8 52.130054324410416
49 9 75.99251447998996
49 10 48.891446694355935
49 11 67.70878615940737
49 12 3.0295305815334572
49 13 61.18456243005305
49 14 53.68675766829366
49 15 99.02513919653424
49 16 4.684608828499992
49 17 60.04851680439659
49 18 27.337608907853806
49 19 77.17343634160918
49 20 80.31169379785432
49 21 25.404312830845598
49 22 59.579048736968495
49 23 13.77528793969407
49 24 71.32078474041393
49 25 80.17187585324811
49 26 95.47816166862323
49 27 61.38501719721331
49 28 15.540690418520953
49 29 31.33835998353256
49 30 51.88622993620338
49 31 2.2473289056530787
49 32 80.16733156352599
49 33 20.91240686245478
49 34 4.295422626364342
49 35 65.12629633562405
49 36 4.748207845962915
49 37 23.30452190815262
49 38 99.26664321945017
49 39 89.26387336294006
49 40 44.379458438844075
49 41 9.21715362105342
49 42 15.270934579707674
49 43 10.483211106372725
49 44 28.780153909365826
49 45 22.397665978731073
49 46 3.0876418754151147
49 47 66.03404344952176
49 48 69.02179365319822
49 49 57.50185392466284
85.82828808229591
1.9845019722382284
50.42924622276384
84.8352207502324
88.20593837115945
19.795661299466126
47.53263271217871
40.88377520896632
94.8455399886694
17.172255334865383
84.93796502066603
92.31561101552619
8.231609310779254
62.36492605062982
46.59761446571118
85.52905859382247
88.3153146218518
90.80648966626639
5.199974872697089
13.842785801670699
7.853851828406655
28.296681480581288
3.260950245523153
70.06767864869612
50.2307625339132
25.90688340933278
67.9881925768358
3.4699140199156098
9.806644221331595
38.358398252125255
83.10231644512484
67.02916679576559
28.77545236553628
89.83480159754295
72.53754330279672
23.415394381928813
19.052417807973576
49.021017474065445
73.30756157859057
76.25220491634012
72.8953491691789
78.61871742181833
87.81063369414449
7.004325077164253
61.76187419005117
33.66973858037807
9.461315151963579
27.221225901072334
59.33100015040061
57.726180479307246
